<?xml version="1.0" encoding="UTF-8"?>
<testsuite xmlns:xsi="http://www.w3.org/2001/XMLSchema-instance" xsi:noNamespaceSchemaLocation="https://maven.apache.org/surefire/maven-surefire-plugin/xsd/surefire-test-report.xsd" name="com.taskqueue.TaskServiceTest" time="0.394" tests="3" errors="0" skipped="0" failures="0">
  <properties>
[...]
</properties>
  <testcase name="testGetTask" classname="com.taskqueue.TaskServiceTest" time="0.366"/>
  <testcase name="testGetTaskNotFound" classname="com.taskqueue.TaskServiceTest" time="0.001"/>
  <testcase name="testSubmitTask" classname="com.taskqueue.TaskServiceTest" time="0.02"/>
</testsuite>